<?xml version="1.0" encoding="UTF-8"?>
<!-- Generated by org.testng.reporters.JUnitReportReporter -->
<testsuite hostname="inbl01lap7118" failures="0" tests="1" name="com.qa.Testcases.CaptureVitalsTest" time="23.844" errors="0" timestamp="19 Feb 2022 06:24:58 GMT" skipped="0">
  <testcase classname="com.qa.Testcases.CaptureVitalsTest" name="validateLogin" time="23.844"/>
</testsuite> <!-- com.qa.Testcases.CaptureVitalsTest -->
