<?xml version="1.0" encoding="UTF-8"?>
<!-- Generated by org.testng.reporters.JUnitReportReporter -->
<testsuite hostname="inbl01lap7118" failures="0" tests="1" name="com.qa.Testcases.LoginTest" time="15.419" errors="0" timestamp="19 Feb 2022 06:24:58 GMT" skipped="0">
  <testcase classname="com.qa.Testcases.LoginTest" name="validateLogin" time="15.419"/>
</testsuite> <!-- com.qa.Testcases.LoginTest -->
